1 10 20
100 200 125
201 210 89
900 1000 174
87454 721238 509
343906 767735 509
600809 588454 403
389653 660161 509
792690 652392 504
233293 599725 470
813309 169156 509
463414 379287 449
867628 528238 525
778341 382453 509
189540 419039 449
130511 209984 383
620146 193401 470
498978 967791 525
887930 81992 525
329427 832308 509
768747 711311 468
138951 117050 344
707010 417584 509
675373 162142 509
892377 956202 507
202439 333700 443
700799 464072 509
6060 462901 449
485670 300306 449
783429 757302 468
646770 69782 509
746543 177064 509
213381 774378 509
400974 646431 509
47244 416262 449
451508 39980 449
262931 220507 443
418682 476739 444
69116 31489 340
788567 691355 504
902427 609011 525
298639 574006 470
152302 592114 470
542135 452452 470
39632 417345 449
797923 36923 509
401182 794545 509
130468 53071 354
456058 807067 509
491968 343670 449
487524 401627 449
999859 12837 525
624965 338364 470
690822 445870 509
146790 813304 509
569155 88926 470
243986 751815 509
870438 613009 525
293383 646864 509
255661 659087 509
135936 733029 509
87047 401165 443
227022 835256 509
105378 498731 449
957943 783453 525
953833 441712 525
605017 250751 470
561234 409557 470
752288 5078 509
560083 575294 421
413472 668042 509
741445 921382 525
191550 154303 383
881802 879146 357
8528 850680 525
872423 593784 525
975694 649363 525
269366 927820 525
885750 244689 525
80840 661037 509
192596 700103 509
441351 536108 470
601122 665693 509
187556 757411 509
134032 537465 470
665652 421372 509
424091 636473 509
304140 590827 470
338225 545997 470
364743 648962 509
371054 122276 443
991730 86932 525
680211 802680 504
548307 277190 470
586660 822607 509
11689 24802 282
214144 316612 443
792785 725448 468
689197 836980 504
226606 850205 525
592551 558921 434
927316 575175 525
614858 430144 470
745720 842152 525
565957 119570 470
950814 491511 525
335310 120143 443
679481 769812 504
838853 270274 525
112926 425473 449
509340 707515 509
356906 179975 443
533132 231947 470
229544 996153 525
582349 86899 470
124871 978538 525
307605 224286 443
947583 820383 525
973443 830838 525
21900 463673 449
393273 310342 441
601858 246653 470
803795 560038 509
489390 593839 470
516765 507408 470
951777 710808 525
580192 796397 509
138531 539971 470
91628 688230 509
663819 806849 504
531165 559756 452
174265 536241 470
104282 292148 443
993195 588807 525
833366 266458 509
6101 92834 351
515089 469737 470
844050 39730 525
336881 938276 525
836773 586738 509
537917 676688 509
842707 490138 525
102657 539879 470
215392 46051 383
667978 513612 509
9133 315568 443
109656 505793 449
396557 520970 470
801651 455466 509
912176 733011 525
70528 142690 375
559741 456534 470
134438 574107 470
363513 404382 436
367744 422338 449
296974 97754 443
415435 151436 449
542150 115327 470
229065 126677 386
980725 68842 525
371108 369162 392
29856 789635 509
321550 222207 443
726029 615768 509
579949 147677 470
46266 517383 470
442225 70000 449
382950 477848 449
886939 997545 507
229234 810996 509
726334 366776 509
459206 74238 449
325919 372137 441
736471 149239 509
65040 145013 375
806826 884583 525
966721 830852 525
13211 944208 525
246546 722114 509
664831 499596 509
947664 937317 507
572634 72693 470
568473 351146 470
417557 86971 449
557579 252492 470
641998 549480 509
814145 960252 525
22905 645738 509
863508 151626 525
954201 859787 507
180788 366335 443
150413 715008 509
120459 177604 383
576636 642123 509
474678 7641 449
526450 187478 470
289092 91821 443
668366 155919 509
958209 468589 525
615470 698816 509
860418 672422 525
994640 993233 365
964270 65528 525
936154 57169 525
498930 739172 509
261486 184087 443
277628 494459 449
252900 855699 525
970663 161347 525
644921 670627 442
566176 659316 509
321964 956745 525
866217 970647 507
703822 715306 504
179645 4408 383
937293 939582 507
188704 717662 509
729597 527920 509
482409 106788 449
617969 892673 525
572944 581028 390
681244 143474 509
528054 650195 509
409200 553721 470
767211 870728 525
495523 186246 449
980688 997036 427
129545 892826 525
895016 165450 525
699428 166270 509
366759 573879 470
500241 654185 509
753144 200923 509
109662 112450 323
476999 639654 509
374091 838908 525
332283 726612 509
124273 984834 525
158554 791553 509
482933 800041 509
98249 735889 509
21176 543758 470
728401 787151 468
567195 54647 470
422872 589648 470
757417 926890 525
245770 533690 470
710060 333403 509
405407 528465 470
266215 104814 443
971028 860709 507
942600 692314 525
541467 482909 470
789733 514249 509
338713 418161 449
661852 672622 442
558545 740199 509
654060 272433 509
434532 783325 509
481588 425477 444
555148 251188 470
2654 36007 324
405807 902531 525
534319 304547 470
758390 280804 509
259513 598412 470
449169 659338 509
124389 815712 509
453649 727375 509
280325 916555 525
214267 582257 470
586117 824641 509
685886 114487 509
956052 955331 339
868661 218958 525
292781 967719 525
683112 485967 509
484024 504999 426
151672 291220 443
359331 109066 443
619411 280637 470
225754 925550 525
927400 462915 525
607181 430715 470
160983 404124 443
129576 536956 470
211759 116630 383
184708 378423 443
725403 198521 509
328452 196400 443
345846 541533 470
467132 612750 470
328986 846957 525
349456 682919 509
413115 506999 444
450625 331958 449
813472 397729 509
924972 386368 525
856484 550357 525
45757 425006 449
974159 155368 525
865309 533153 525
927019 907704 476
33972 877118 525
661664 209146 509
248857 90248 443
469159 427018 444
188802 411107 449
6693 750258 509
339301 894834 525
550073 704346 509
24008 3579 282
412750 735002 509
197039 688994 509
819630 788333 468
333124 873054 525
210487 469515 449
512431 411125 470
63596 323913 443
584795 535343 452
505753 231732 449
347844 736461 509
874124 963650 507
769822 962754 525
244088 772331 509
592767 355631 470
969267 247814 525
899825 596381 525
741248 695666 504
273833 192737 443
897870 572384 525
391585 987055 525
697940 582739 509
82811 587132 470
245364 522659 470
843079 933434 476
10055 139008 354
166125 814508 509
676180 510222 509
983738 978652 427
775206 574516 509
184053 189366 347
711078 858318 525
952011 959148 414
698892 539053 509
416176 571845 470
589493 714693 509
590566 758036 509
657902 608677 509
303393 281381 389
619671 113519 470
356918 122869 443
785057 199818 509
835392 793453 468
590573 155830 470
435564 319688 449
411967 91493 449
852155 694489 525
255438 880035 525
973626 389722 525
601634 432763 470
720093 2923 509
788095 204210 509
329283 617623 470
631831 560123 509
298007 701687 509
535929 517715 439
212229 369904 443
452386 213300 449
309937 683521 509
651702 635551 416
322231 579723 470
43659 394104 443
874576 926868 476
269525 77951 443
728466 247388 509
353091 571022 470
283536 673401 509
142680 388914 443
520981 721494 509
936836 676739 525
390664 568373 470
748842 350256 509
877146 919671 476
828371 452292 509
810528 521836 509
799037 796809 375
168880 495006 449
666995 114043 509
723765 950352 525
196369 858328 525
398040 710257 509
370641 991844 525
329413 723511 509
613633 952639 525
745611 338492 509
587443 322029 470
345159 233770 407
626668 752745 504
794391 26778 509
267478 482453 449
657258 60416 509
196207 59588 383
129965 266847 443
225840 668591 509
608399 527323 452
345729 566773 470
187064 901255 525
470364 959606 525
931701 244743 525
334511 894437 525
231410 231548 324
959813 835214 525
573129 56946 470
511790 597182 470
52068 243493 443
591363 47958 470
352087 632751 509
641507 582351 509
890434 666479 525
665036 441369 509
916074 758125 525
796035 342133 509
66149 764556 509
97227 167747 383
576591 669470 509
715212 663315 504
223676 675071 509
749583 296893 509
875495 839695 432
479101 569613 470
39070 477435 449
254560 924946 525
656328 890223 525
929942 980039 507
755545 262676 509
449796 484466 444
851892 998623 507
320287 900680 525
301171 887207 525
605710 226109 470
741693 431857 509
887875 853973 445
254741 443882 449
164354 315366 443
386656 883337 525
866153 848061 419
266246 393989 441
898773 48281 525
469393 310441 449
792805 234005 509
965537 752635 525
161004 91451 383
815016 618957 509
730195 789681 468
58800 495916 449
981017 9516 525
701156 504085 509
210592 140595 383
828330 420327 509
872873 84347 525
960637 279654 525
691478 2723 509
925870 609118 525
705976 824172 468
387294 860138 525
487240 402570 449
955062 986127 458
176463 441301 449
281944 471292 449
556108 761838 509
832496 790667 468
551556 703593 509
515769 338188 470
595546 384022 470
615181 243836 470
626667 556983 509
612601 626554 509
360611 567456 470
591091 142237 470
86246 928561 525
901083 655347 525
698000 48270 509
961414 900885 507
876439 801505 525
340993 119330 443
819812 281772 509
862164 471920 525
715030 329204 509
182806 652469 509
20964 394627 443
290229 147402 443
908411 633732 525
243035 765347 509
693089 268520 509
881998 916709 476
264493 138338 443
435660 435572 250
554969 453219 470
103429 544496 470
136216 613728 470
349654 279868 441
987672 75670 525
71019 929644 525
216697 7878 386
897860 148989 525
140652 25255 354
43880 96421 351
604137 93222 470
773612 731755 468
612324 468167 470
248006 678275 509
403476 907518 525
544459 349672 470
225764 515042 470
452293 279984 449
648614 319298 509
483652 450687 444
74797 563869 470
438542 982434 525
892310 189892 525
962117 183310 525
683672 378786 509
337166 282048 389
475812 163176 449
359745 735802 509
560089 157269 470
428688 961605 525
177356 794518 509
769168 749250 468
317204 596834 470
947380 691305 525
141887 11456 354
304910 611665 470
778682 671761 504
858907 88232 525
835954 779606 468
647205 914529 525
677139 865098 525
726599 427216 509
485024 728595 509
638677 208948 509
638575 26266 509
950919 807080 525
98502 114092 354
358880 344829 441
107686 726704 509
750904 848280 525
189132 915881 525
187290 207218 373
669801 93608 509
57817 9882 340
371558 139462 443
748730 182295 509
993824 550998 525
322154 915304 525
146056 138578 375
626643 751696 504
193504 301942 443
93343 749959 509
878946 858592 432
363222 230790 441
373044 83812 443
471113 920168 525
386247 577102 470
478731 380530 449
481516 93052 449
885706 392796 525
755587 461778 509
705709 451781 509
390469 633237 509
664642 840376 525
625222 878577 525
218467 759779 509
153762 707178 509
836689 669881 504
310605 855554 525
894169 548740 525
843333 311160 525
920705 237742 525
571963 941141 525
500106 220348 449
719218 923498 525
599461 342496 470
319506 997786 525
295884 239740 407
856487 859746 375
609738 306214 470
914533 587132 525
776384 506237 509
855134 832613 525
30025 630252 509
390706 191019 443
36698 626058 470
253897 280626 407
787526 396902 509
22931 170982 383
582118 801889 509
104377 79227 341
5168 670894 509
414855 605384 470
490869 319355 449
370671 233641 441
649811 895317 525
819512 608538 509
928350 963104 507
970337 729398 525
888617 705997 525
723660 217187 509
358804 938570 525
972927 479206 525
449719 930237 525
741962 443140 509
782844 58101 509
568694 83480 470
427183 210213 449
767624 874871 525
120559 35786 354
637207 907985 525
58678 748356 509
500550 936687 525
949893 788320 525
180546 15376 383
351922 880098 525
621134 710498 509
280856 212632 443
628447 877955 525
254800 91697 443
481158 468834 413
920411 976164 507
901716 691692 525
269859 176892 443
804333 468989 509
651888 121 509
121282 500168 449
195253 529701 470
993655 543850 525
448542 414064 418
823869 951465 525
199446 111085 383
654353 900888 525
329964 562343 470
518277 544566 439
441492 926255 525
442254 843896 525
89016 373749 443
461762 287254 449
152210 447166 449
698749 416255 509
333662 145999 443
457907 680183 509
162396 155204 383
972138 904969 507
193881 698017 509
698570 163136 509
769632 172986 509
393728 430071 449
344202 509753 449
264864 588615 470
610597 912170 525
595109 88713 470
693065 844020 525
328651 573083 470
379965 722926 509
357032 251785 441
453211 538927 470
654318 782329 504
325724 942501 525
892803 866716 445
203443 490306 449
601867 852838 525
958179 469609 525
24669 945801 525
242837 979789 525
438636 234281 449
347288 674042 509
744619 632466 504
921617 88086 525
18842 958766 525
723922 610600 509
78869 18098 351
257557 235374 368
613340 404907 470
500460 447500 444
864258 189245 525
326959 202270 443
764133 535267 509
414159 868937 525
535620 66696 470
482386 941874 525
162755 960627 525
355976 587275 470
902232 498001 525
136030 600604 470
426695 678781 509
46571 277478 443
199284 918899 525
51961 503597 449
79684 766994 509
985882 383999 525
17557 637001 509
158853 255027 443
829584 285498 509
52326 670684 509
670764 221397 509
876043 916668 476
688019 827735 504
100869 578556 470
625790 654227 509
253656 479756 449
336725 105279 443
90418 143200 375
803275 139286 509
146330 769363 509
254945 473162 449
817575 492405 509
100028 858504 525
23936 634138 509
480311 193714 449
959294 685681 525
627383 529202 509
104518 409102 443
709027 322915 509
311906 249672 407
381688 722124 509
642896 387416 509
388086 923992 525
786910 659019 504
512197 849215 525
229201 648775 509
96644 30822 351
423654 319740 449
279431 844999 525
702551 740350 504
777503 163244 509
269192 660032 509
904592 120936 525
59991 385164 443
428213 63698 449
859799 255157 525
971506 381731 525
32819 421789 449
384249 878772 525
528863 505567 470
230562 588638 470
563967 544227 452
926835 787894 525
897790 847160 445
111278 22911 354
906011 502131 525
573428 5060 470
570582 749949 509
61521 176497 383
803039 433439 509
827811 219715 509
236191 887714 525
778000 611572 509
737728 742981 424
639899 451762 509
409033 996734 525
156023 581519 470
130416 399366 443
44651 706079 509
949176 304074 525
310076 469397 449
983672 491799 525
556332 83134 470
685050 855355 525
701144 768857 504
678656 906944 525
370523 213426 443
480236 601548 470
301873 294657 371
714351 531173 509
489752 343982 449
434969 665203 509
763207 23451 509
806645 673649 504
847614 903182 445
765375 844321 525
191750 926150 525
19917 706628 509
984262 705818 525
906451 809143 525
508768 422645 444
88214 995838 525
661677 698089 442
822549 528657 509
557879 407866 470
106384 223167 386
486842 316493 449
129556 898900 525
527593 417770 470
968943 885998 507
678096 530660 509
355235 853363 525
653642 37175 509
852228 829973 525
113681 864462 525
887488 618668 525
741911 889353 525
327152 479237 449
10338 840650 525
115673 110634 349
410932 929969 525
327658 206316 443
210206 991372 525
509424 223933 449
923186 72737 525
675597 763420 504
100555 439748 449
698928 232218 509
875842 338694 525
714610 492449 509
537124 880147 525
296008 774118 509
58719 294768 443
555664 96287 470
407151 843974 525
166272 729087 509
463092 453210 444
47669 387254 443
355554 109563 443
170502 109908 383
199441 968368 525
566232 194507 470
806271 7611 509
667175 686909 385
408159 555220 470
831989 268087 509
646454 283683 509
572463 796272 509
450686 358520 449
68894 554270 470
993897 827351 525
605854 894301 525
190823 97836 383
156093 498819 449
870507 616104 525
872239 122749 525
426019 708566 509
254452 789135 509
334788 234998 407
951003 434729 525
209467 337928 443
326185 97279 443
796923 626616 504
973906 522467 525
143383 191809 383
53272 864753 525
556112 479170 470
90178 66608 351
919424 533597 525
163768 177629 352
653171 565099 509
155898 281021 443
59845 47519 340
423832 751958 509
180663 20649 383
637703 280602 509
397255 684552 509
172759 70480 383
145753 186952 383
556444 87795 470
147649 760164 509
224532 628282 509
295247 789316 509
125720 402036 443
253871 377690 441
103762 165021 383
478892 204836 449
581271 987285 525
250753 987823 525
393599 129817 443
744798 803621 468
575941 424885 470
69654 518561 470
565463 621878 447
116494 13355 354
773687 514311 509
992684 57211 525
339081 338243 304
309660 711604 509
841561 47675 525
80786 899761 525
111738 335635 443
165148 581662 470
736608 82978 509
470484 330652 449
525416 279764 470
698283 670604 442
356657 220519 443
891684 465895 525
562545 36213 470
119217 977565 525
725773 649689 504
412909 669126 509
599617 722303 509
950804 261598 525
997994 941792 458
954086 416917 525
127143 443943 449
165962 427209 449
221346 168955 386
452105 192786 449
85384 941908 525
305543 83128 443
978704 431177 525
515854 22154 470
566402 229016 470
260993 745645 509
769255 775582 437
979342 111803 525
607380 649626 509
919890 631366 525
527820 418813 470
742940 944933 525
44447 327173 443
581122 483809 470
589792 664217 509
162221 743070 509
117761 704483 509
127612 865686 525
360067 472348 449
168414 884886 525
755984 343155 509
549797 970468 525
78010 701847 509
872052 1482 525
820758 451105 509
961106 964628 414
96219 467815 449
2574 813617 509
276636 709252 509
416174 813590 509
105803 639912 509
485149 56411 449
708705 526311 509
348901 521431 470
535644 821438 509
115190 310458 443
232810 855140 525
2691 678530 509
455277 415992 418
17628 844968 525
670363 678512 385
564776 382270 470
395660 673528 509
395405 426733 449
15279 297256 443
659090 777169 504
779874 988750 525
251761 975517 525
862601 421023 525
544604 598395 452
174349 189407 365
519146 586178 452
525348 42523 470
294129 3160 443
127417 53579 354
205204 657081 509
160229 537591 470
84707 185504 383
665181 725649 504
365619 817927 509
353681 367384 410
499102 87556 449
131766 76383 354
459951 102851 449
701621 191705 509
513718 779296 509
449595 229519 449
216324 813250 509
275207 425981 449
862848 931733 476
60081 73500 335
791721 836114 468
73080 561734 470
30981 356233 443
801307 531115 509
51979 14937 324
370917 789382 509
971264 222737 525
759166 608315 509
88928 398874 443
756845 55013 509
955055 585111 525
582197 999833 525
825057 495053 509
413638 10460 449
451391 120298 449
991495 651409 525
823298 877153 525
345620 512360 470
745507 457109 509
526668 163083 470
401514 697470 509
348828 535246 470
878425 24430 525
149203 678609 509
474496 463037 413
486235 921428 525
279940 166017 443
575444 873570 525
